zhbj742/zhbj74/build/outputs/logs/manifest-merger-debug-report.txt
-- Merging decision tree log ---
manifest
ADDED from src\main\AndroidManifest.xml:2:1-100:12
INJECTED from src\main\AndroidManifest.xml:2:1-100:12
INJECTED from src\main\AndroidManifest.xml:2:1-100:12
INJECTED from src\main\AndroidManifest.xml:2:1-100:12
MERGED from [:slidingMenuLibrary] AndroidManifest.xml:2:1-11:12
MERGED from [:xUtilsLibrary] AndroidManifest.xml:2:1-13:12
MERGED from [:viewPagerIndicatorLibrary] AndroidManifest.xml:2:1-11:12
INJECTED from src\main\AndroidManifest.xml:2:1-100:12
INJECTED from src\main\AndroidManifest.xml:2:1-100:12
INJECTED from src\main\AndroidManifest.xml:2:1-100:12
	package
		ADDED from src\main\AndroidManifest.xml:3:5-33
		INJECTED from src\main\AndroidManifest.xml
		INJECTED from src\main\AndroidManifest.xml
	android:versionName
		ADDED from src\main\AndroidManifest.xml:5:5-30
		INJECTED from src\main\AndroidManifest.xml
		INJECTED from src\main\AndroidManifest.xml
	xmlns:android
		ADDED from src\main\AndroidManifest.xml:2:11-69
	android:versionCode
		ADDED from src\main\AndroidManifest.xml:4:5-28
		INJECTED from src\main\AndroidManifest.xml
		INJECTED from src\main\AndroidManifest.xml
uses-sdk
ADDED from src\main\AndroidManifest.xml:7:5-9:41
INJECTED from src\main\AndroidManifest.xml:7:5-9:41
INJECTED from src\main\AndroidManifest.xml:7:5-9:41
MERGED from [:slidingMenuLibrary] AndroidManifest.xml:7:5-9:41
MERGED from [:slidingMenuLibrary] AndroidManifest.xml:7:5-9:41
MERGED from [:xUtilsLibrary] AndroidManifest.xml:7:5-9:41
MERGED from [:xUtilsLibrary] AndroidManifest.xml:7:5-9:41
MERGED from [:viewPagerIndicatorLibrary] AndroidManifest.xml:7:5-9:41
MERGED from [:viewPagerIndicatorLibrary] AndroidManifest.xml:7:5-9:41
INJECTED from src\main\AndroidManifest.xml:7:5-9:41
INJECTED from src\main\AndroidManifest.xml:7:5-9:41
	android:targetSdkVersion
		ADDED from src\main\AndroidManifest.xml:9:9-38
		INJECTED from src\main\AndroidManifest.xml
		INJECTED from src\main\AndroidManifest.xml
	android:minSdkVersion
		ADDED from src\main\AndroidManifest.xml:8:9-34
		INJECTED from src\main\AndroidManifest.xml
		INJECTED from src\main\AndroidManifest.xml
uses-permission#android.permission.GET_TASKS
ADDED from src\main\AndroidManifest.xml:11:5-68
	android:name
		ADDED from src\main\AndroidManifest.xml:11:22-65
uses-permission#android.permission.INTERNET
ADDED from src\main\AndroidManifest.xml:12:5-67
	android:name
		ADDED from src\main\AndroidManifest.xml:12:22-64
uses-permission#android.permission.ACCESS_WIFI_STATE
ADDED from src\main\AndroidManifest.xml:13:5-76
	android:name
		ADDED from src\main\AndroidManifest.xml:13:22-73
uses-permission#android.permission.ACCESS_NETWORK_STATE
ADDED from src\main\AndroidManifest.xml:14:5-79
	android:name
		ADDED from src\main\AndroidManifest.xml:14:22-76
uses-permission#android.permission.CHANGE_WIFI_STATE
ADDED from src\main\AndroidManifest.xml:15:5-76
	android:name
		ADDED from src\main\AndroidManifest.xml:15:22-73
uses-permission#android.permission.WRITE_EXTERNAL_STORAGE
ADDED from src\main\AndroidManifest.xml:16:5-81
	android:name
		ADDED from src\main\AndroidManifest.xml:16:22-78
uses-permission#android.permission.READ_PHONE_STATE
ADDED from src\main\AndroidManifest.xml:17:5-75
	android:name
		ADDED from src\main\AndroidManifest.xml:17:22-72
uses-permission#android.permission.MANAGE_ACCOUNTS
ADDED from src\main\AndroidManifest.xml:18:5-74
	android:name
		ADDED from src\main\AndroidManifest.xml:18:22-71
uses-permission#android.permission.GET_ACCOUNTS
ADDED from src\main\AndroidManifest.xml:19:5-71
	android:name
		ADDED from src\main\AndroidManifest.xml:19:22-68
uses-permission#android.permission.BLUETOOTH
ADDED from src\main\AndroidManifest.xml:21:5-68
	android:name
		ADDED from src\main\AndroidManifest.xml:21:22-65
uses-permission#android.permission.BLUETOOTH_ADMIN
ADDED from src\main\AndroidManifest.xml:22:5-74
	android:name
		ADDED from src\main\AndroidManifest.xml:22:22-71
application
ADDED from src\main\AndroidManifest.xml:24:5-98:19
MERGED from [:xUtilsLibrary] AndroidManifest.xml:11:5-20
MERGED from [:xUtilsLibrary] AndroidManifest.xml:11:5-20
	android:label
		ADDED from src\main\AndroidManifest.xml:27:9-41
	android:icon
		ADDED from src\main\AndroidManifest.xml:26:9-42
	android:allowBackup
		ADDED from src\main\AndroidManifest.xml:25:9-35
	android:theme
		ADDED from src\main\AndroidManifest.xml:28:9-40
activity#com.itheima.zhbj74.SplashActivity
ADDED from src\main\AndroidManifest.xml:29:9-38:20
	android:label
		ADDED from src\main\AndroidManifest.xml:31:13-45
	android:theme
		ADDED from src\main\AndroidManifest.xml:32:13-77
	android:name
		ADDED from src\main\AndroidManifest.xml:30:13-61
intent-filter#android.intent.action.MAIN+android.intent.category.LAUNCHER
ADDED from src\main\AndroidManifest.xml:33:13-37:29
action#android.intent.action.MAIN
ADDED from src\main\AndroidManifest.xml:34:17-69
	android:name
		ADDED from src\main\AndroidManifest.xml:34:25-66
category#android.intent.category.LAUNCHER
ADDED from src\main\AndroidManifest.xml:36:17-77
	android:name
		ADDED from src\main\AndroidManifest.xml:36:27-74
activity#com.itheima.zhbj74.GuideActivity
ADDED from src\main\AndroidManifest.xml:39:9-51
	android:name
		ADDED from src\main\AndroidManifest.xml:39:19-48
activity#com.itheima.zhbj74.MainActivity
ADDED from src\main\AndroidManifest.xml:40:9-42:66
	android:theme
		ADDED from src\main\AndroidManifest.xml:42:13-63
	android:name
		ADDED from src\main\AndroidManifest.xml:41:13-41
activity#com.itheima.zhbj74.NewsDetailActivity
ADDED from src\main\AndroidManifest.xml:43:9-56
	android:name
		ADDED from src\main\AndroidManifest.xml:43:19-53
activity#com.mob.tools.MobUIShell
ADDED from src\main\AndroidManifest.xml:46:9-60:20
	android:screenOrientation
		ADDED from src\main\AndroidManifest.xml:49:13-49
	android:windowSoftInputMode
		ADDED from src\main\AndroidManifest.xml:51:13-67
	android:configChanges
		ADDED from src\main\AndroidManifest.xml:48:13-74
	android:theme
		ADDED from src\main\AndroidManifest.xml:50:13-72
	android:name
		ADDED from src\main\AndroidManifest.xml:47:13-52
intent-filter#android.intent.action.VIEW+android.intent.category.BROWSABLE+android.intent.category.DEFAULT
ADDED from src\main\AndroidManifest.xml:52:13-59:29
	android:priority
		ADDED from src\main\AndroidManifest.xml:81:28-51
data
ADDED from src\main\AndroidManifest.xml:53:17-59
	android:scheme
		ADDED from src\main\AndroidManifest.xml:53:23-56
action#android.intent.action.VIEW
ADDED from src\main\AndroidManifest.xml:55:17-69
	android:name
		ADDED from src\main\AndroidManifest.xml:55:25-66
category#android.intent.category.BROWSABLE
ADDED from src\main\AndroidManifest.xml:57:17-78
	android:name
		ADDED from src\main\AndroidManifest.xml:57:27-75
category#android.intent.category.DEFAULT
ADDED from src\main\AndroidManifest.xml:58:17-76
	android:name
		ADDED from src\main\AndroidManifest.xml:58:27-73
activity#com.itheima.zhbj74.wxapi.WXEntryActivity
ADDED from src\main\AndroidManifest.xml:63:9-68:75
	android:screenOrientation
		ADDED from src\main\AndroidManifest.xml:67:13-49
	android:exported
		ADDED from src\main\AndroidManifest.xml:66:13-36
	android:configChanges
		ADDED from src\main\AndroidManifest.xml:65:13-74
	android:theme
		ADDED from src\main\AndroidManifest.xml:68:13-72
	android:name
		ADDED from src\main\AndroidManifest.xml:64:13-50
activity#cn.sharesdk.tencent.qq.ResultReceiver
ADDED from src\main\AndroidManifest.xml:71:9-89:20
	android:launchMode
		ADDED from src\main\AndroidManifest.xml:73:13-44
	android:noHistory
		ADDED from src\main\AndroidManifest.xml:74:13-37
	android:name
		ADDED from src\main\AndroidManifest.xml:72:13-65
meta-data#UMENG_APPKEY
ADDED from src\main\AndroidManifest.xml:91:9-94:21
	android:value
		ADDED from src\main\AndroidManifest.xml:93:13-53
	android:name
		ADDED from src\main\AndroidManifest.xml:92:13-40
meta-data#UMENG_CHANNEL
ADDED from src\main\AndroidManifest.xml:95:9-97:37
	android:value
		ADDED from src\main\AndroidManifest.xml:97:13-34
	android:name
		ADDED from src\main\AndroidManifest.xml:96:13-41